# JRE version: 7.0_25-b16
# Java VM: Java HotSpot(TM) 64-Bit Server VM (23.25-b01 mixed mode windows-amd64 compressed oops)
Heap
 PSYoungGen      total 313216K, used 193389K [0x00000000ebb60000, 0x0000000100000000, 0x0000000100000000)
  eden space 295808K, 65% used [0x00000000ebb60000,0x00000000f783b428,0x00000000fdc40000)
  from space 17408K, 0% used [0x00000000fef00000,0x00000000fef00000,0x0000000100000000)
  to   space 18304K, 0% used [0x00000000fdc40000,0x00000000fdc40000,0x00000000fee20000)
 ParOldGen       total 65728K, used 33620K [0x00000000c3200000, 0x00000000c7230000, 0x00000000ebb60000)
  object space 65728K, 51% used [0x00000000c3200000,0x00000000c52d5150,0x00000000c7230000)
 PSPermGen       total 58688K, used 58543K [0x00000000be000000, 0x00000000c1950000, 0x00000000c3200000)
  object space 58688K, 99% used [0x00000000be000000,0x00000000c192bdf0,0x00000000c1950000)
GC Heap History (10 events):
Event: 6.146 GC heap before
{Heap before GC invocations=9 (full 0):
 PSYoungGen      total 131328K, used 128558K [0x00000000ebb60000, 0x00000000f4440000, 0x0000000100000000)
  eden space 122688K, 100% used [0x00000000ebb60000,0x00000000f3330000,0x00000000f3330000)
  from space 8640K, 67% used [0x00000000f3bb0000,0x00000000f416b980,0x00000000f4420000)
  to   space 8704K, 0% used [0x00000000f3330000,0x00000000f3330000,0x00000000f3bb0000)
 ParOldGen       total 41536K, used 9024K [0x00000000c3200000, 0x00000000c5a90000, 0x00000000ebb60000)
  object space 41536K, 21% used [0x00000000c3200000,0x00000000c3ad0038,0x00000000c5a90000)
 PSPermGen       total 26624K, used 26610K [0x00000000be000000, 0x00000000bfa00000, 0x00000000c3200000)
  object space 26624K, 99% used [0x00000000be000000,0x00000000bf9fcb58,0x00000000bfa00000)
Event: 6.161 GC heap after
Heap after GC invocations=9 (full 0):
 PSYoungGen      total 131392K, used 8683K [0x00000000ebb60000, 0x00000000f90e0000, 0x0000000100000000)
  eden space 122688K, 0% used [0x00000000ebb60000,0x00000000ebb60000,0x00000000f3330000)
  from space 8704K, 99% used [0x00000000f3330000,0x00000000f3baaea0,0x00000000f3bb0000)
  to   space 11136K, 0% used [0x00000000f8600000,0x00000000f8600000,0x00000000f90e0000)
 ParOldGen       total 41536K, used 12246K [0x00000000c3200000, 0x00000000c5a90000, 0x00000000ebb60000)
  object space 41536K, 29% used [0x00000000c3200000,0x00000000c3df5800,0x00000000c5a90000)
 PSPermGen       total 26624K, used 26610K [0x00000000be000000, 0x00000000bfa00000, 0x00000000c3200000)
  object space 26624K, 99% used [0x00000000be000000,0x00000000bf9fcb58,0x00000000bfa00000)
}
Event: 7.277 GC heap before
{Heap before GC invocations=10 (full 0):
 PSYoungGen      total 131392K, used 131371K [0x00000000ebb60000, 0x00000000f90e0000, 0x0000000100000000)
  eden space 122688K, 100% used [0x00000000ebb60000,0x00000000f3330000,0x00000000f3330000)
  from space 8704K, 99% used [0x00000000f3330000,0x00000000f3baaea0,0x00000000f3bb0000)
  to   space 11136K, 0% used [0x00000000f8600000,0x00000000f8600000,0x00000000f90e0000)
 ParOldGen       total 41536K, used 12246K [0x00000000c3200000, 0x00000000c5a90000, 0x00000000ebb60000)
  object space 41536K, 29% used [0x00000000c3200000,0x00000000c3df5800,0x00000000c5a90000)
 PSPermGen       total 30080K, used 30021K [0x00000000be000000, 0x00000000bfd60000, 0x00000000c3200000)
  object space 30080K, 99% used [0x00000000be000000,0x00000000bfd51408,0x00000000bfd60000)
Event: 7.297 GC heap after
Heap after GC invocations=10 (full 0):
 PSYoungGen      total 206912K, used 8703K [0x00000000ebb60000, 0x00000000f9200000, 0x0000000100000000)
  eden space 195776K, 0% used [0x00000000ebb60000,0x00000000ebb60000,0x00000000f7a90000)
  from space 11136K, 78% used [0x00000000f8600000,0x00000000f8e7fd88,0x00000000f90e0000)
  to   space 11712K, 0% used [0x00000000f7a90000,0x00000000f7a90000,0x00000000f8600000)
 ParOldGen       total 41536K, used 15520K [0x00000000c3200000, 0x00000000c5a90000, 0x00000000ebb60000)
  object space 41536K, 37% used [0x00000000c3200000,0x00000000c41280b0,0x00000000c5a90000)
 PSPermGen       total 30080K, used 30021K [0x00000000be000000, 0x00000000bfd60000, 0x00000000c3200000)
  object space 30080K, 99% used [0x00000000be000000,0x00000000bfd51408,0x00000000bfd60000)
}
Event: 10.121 GC heap before
{Heap before GC invocations=11 (full 0):
 PSYoungGen      total 206912K, used 204479K [0x00000000ebb60000, 0x00000000f9200000, 0x0000000100000000)
  eden space 195776K, 100% used [0x00000000ebb60000,0x00000000f7a90000,0x00000000f7a90000)
  from space 11136K, 78% used [0x00000000f8600000,0x00000000f8e7fd88,0x00000000f90e0000)
  to   space 11712K, 0% used [0x00000000f7a90000,0x00000000f7a90000,0x00000000f8600000)
 ParOldGen       total 41536K, used 15520K [0x00000000c3200000, 0x00000000c5a90000, 0x00000000ebb60000)
  object space 41536K, 37% used [0x00000000c3200000,0x00000000c41280b0,0x00000000c5a90000)
 PSPermGen       total 44096K, used 43915K [0x00000000be000000, 0x00000000c0b10000, 0x00000000c3200000)
  object space 44096K, 99% used [0x00000000be000000,0x00000000c0ae2e48,0x00000000c0b10000)
Event: 10.150 GC heap after
Heap after GC invocations=11 (full 0):
 PSYoungGen      total 207488K, used 11708K [0x00000000ebb60000, 0x0000000100000000, 0x0000000100000000)
  eden space 195776K, 0% used [0x00000000ebb60000,0x00000000ebb60000,0x00000000f7a90000)
  from space 11712K, 99% used [0x00000000f7a90000,0x00000000f85ff038,0x00000000f8600000)
  to   space 17408K, 0% used [0x00000000fef00000,0x00000000fef00000,0x0000000100000000)
 ParOldGen       total 41536K, used 26614K [0x00000000c3200000, 0x00000000c5a90000, 0x00000000ebb60000)
  object space 41536K, 64% used [0x00000000c3200000,0x00000000c4bfda30,0x00000000c5a90000)
 PSPermGen       total 44096K, used 43915K [0x00000000be000000, 0x00000000c0b10000, 0x00000000c3200000)
  object space 44096K, 99% used [0x00000000be000000,0x00000000c0ae2e48,0x00000000c0b10000)
}
Event: 13.377 GC heap before
{Heap before GC invocations=12 (full 0):
 PSYoungGen      total 207488K, used 207484K [0x00000000ebb60000, 0x0000000100000000, 0x0000000100000000)
  eden space 195776K, 100% used [0x00000000ebb60000,0x00000000f7a90000,0x00000000f7a90000)
  from space 11712K, 99% used [0x00000000f7a90000,0x00000000f85ff038,0x00000000f8600000)
  to   space 17408K, 0% used [0x00000000fef00000,0x00000000fef00000,0x0000000100000000)
 ParOldGen       total 41536K, used 26614K [0x00000000c3200000, 0x00000000c5a90000, 0x00000000ebb60000)
  object space 41536K, 64% used [0x00000000c3200000,0x00000000c4bfda30,0x00000000c5a90000)
 PSPermGen       total 52352K, used 52226K [0x00000000be000000, 0x00000000c1320000, 0x00000000c3200000)
  object space 52352K, 99% used [0x00000000be000000,0x00000000c1300840,0x00000000c1320000)
Event: 13.423 GC heap after
Heap after GC invocations=12 (full 0):
 PSYoungGen      total 313216K, used 12681K [0x00000000ebb60000, 0x0000000100000000, 0x0000000100000000)
  eden space 295808K, 0% used [0x00000000ebb60000,0x00000000ebb60000,0x00000000fdc40000)
  from space 17408K, 72% used [0x00000000fef00000,0x00000000ffb62418,0x0000000100000000)
  to   space 18304K, 0% used [0x00000000fdc40000,0x00000000fdc40000,0x00000000fee20000)
 ParOldGen       total 41536K, used 33344K [0x00000000c3200000, 0x00000000c5a90000, 0x00000000ebb60000)
  object space 41536K, 80% used [0x00000000c3200000,0x00000000c52903c0,0x00000000c5a90000)
 PSPermGen       total 52352K, used 52226K [0x00000000be000000, 0x00000000c1320000, 0x00000000c3200000)
  object space 52352K, 99% used [0x00000000be000000,0x00000000c1300840,0x00000000c1320000)
}
Event: 13.423 GC heap before
{Heap before GC invocations=13 (full 1):
 PSYoungGen      total 313216K, used 12681K [0x00000000ebb60000, 0x0000000100000000, 0x0000000100000000)
  eden space 295808K, 0% used [0x00000000ebb60000,0x00000000ebb60000,0x00000000fdc40000)
  from space 17408K, 72% used [0x00000000fef00000,0x00000000ffb62418,0x0000000100000000)
  to   space 18304K, 0% used [0x00000000fdc40000,0x00000000fdc40000,0x00000000fee20000)
 ParOldGen       total 41536K, used 33344K [0x00000000c3200000, 0x00000000c5a90000, 0x00000000ebb60000)
  object space 41536K, 80% used [0x00000000c3200000,0x00000000c52903c0,0x00000000c5a90000)
 PSPermGen       total 52352K, used 52226K [0x00000000be000000, 0x00000000c1320000, 0x00000000c3200000)
  object space 52352K, 99% used [0x00000000be000000,0x00000000c1300840,0x00000000c1320000)
Event: 13.755 GC heap after
Heap after GC invocations=13 (full 1):
 PSYoungGen      total 313216K, used 0K [0x00000000ebb60000, 0x0000000100000000, 0x0000000100000000)
  eden space 295808K, 0% used [0x00000000ebb60000,0x00000000ebb60000,0x00000000fdc40000)
  from space 17408K, 0% used [0x00000000fef00000,0x00000000fef00000,0x0000000100000000)
  to   space 18304K, 0% used [0x00000000fdc40000,0x00000000fdc40000,0x00000000fee20000)
 ParOldGen       total 65728K, used 33620K [0x00000000c3200000, 0x00000000c7230000, 0x00000000ebb60000)
  object space 65728K, 51% used [0x00000000c3200000,0x00000000c52d5150,0x00000000c7230000)
 PSPermGen       total 52352K, used 52187K [0x00000000be000000, 0x00000000c1320000, 0x00000000c3200000)
  object space 52352K, 99% used [0x00000000be000000,0x00000000c12f6ff0,0x00000000c1320000)
}

